[debug] [2021-10-23T21:17:15.549Z] ----------------------------------------------------------------------
[debug] [2021-10-23T21:17:15.567Z] Command:       C:\Program Files\nodejs\node.exe C:\Users\joydi\AppData\Roaming\npm\node_modules\firebase-tools\lib\bin\firebase.js deploy
[debug] [2021-10-23T21:17:15.567Z] CLI Version:   9.21.0
[debug] [2021-10-23T21:17:15.568Z] Platform:      win32
[debug] [2021-10-23T21:17:15.568Z] Node Version:  v16.4.1
[debug] [2021-10-23T21:17:15.685Z] Time:          Sun Oct 24 2021 03:17:15 GMT+0600 (Bangladesh Standard Time)
[debug] [2021-10-23T21:17:15.685Z] ----------------------------------------------------------------------
[debug] 
[debug] [2021-10-23T21:17:15.795Z] > command requires scopes: ["email","openid","https://www.googleapis.com/auth/cloudplatformprojects.readonly","https://www.googleapis.com/auth/firebase","https://www.googleapis.com/auth/cloud-platform"]
[debug] [2021-10-23T21:17:15.796Z] > authorizing via signed-in user (joyguru.jd@gmail.com)
[debug] [2021-10-23T21:17:15.796Z] [iam] checking project genius-car-mechanic-11907 for permissions ["firebase.projects.get","firebasehosting.sites.update"]
[debug] [2021-10-23T21:17:15.799Z] >>> HTTP REQUEST POST https://cloudresourcemanager.googleapis.com/v1/projects/genius-car-mechanic-11907:testIamPermissions  
 {"permissions":["firebase.projects.get","firebasehosting.sites.update"]}
[debug] [2021-10-23T21:17:17.848Z] <<< HTTP RESPONSE 200 {"content-type":"application/json; charset=UTF-8","vary":"X-Origin, Referer, Origin,Accept-Encoding","date":"Sat, 23 Oct 2021 21:17:18 GMT","server":"ESF","cache-control":"private","x-xss-protection":"0","x-frame-options":"SAMEORIGIN","x-content-type-options":"nosniff","server-timing":"gfet4t7; dur=1204","alt-svc":"h3=\":443\"; ma=2592000,h3-29=\":443\"; ma=2592000,h3-Q050=\":443\"; ma=2592000,h3-Q046=\":443\"; ma=2592000,h3-Q043=\":443\"; ma=2592000","accept-ranges":"none","transfer-encoding":"chunked"}
[debug] [2021-10-23T21:17:17.851Z] > refreshing access token with scopes: []
[debug] [2021-10-23T21:17:17.851Z] >>> HTTP REQUEST POST https://www.googleapis.com/oauth2/v3/token  
 <request body omitted>
[debug] [2021-10-23T21:17:18.189Z] <<< HTTP RESPONSE 200 {"pragma":"no-cache","cache-control":"no-cache, no-store, max-age=0, must-revalidate","date":"Sat, 23 Oct 2021 21:17:18 GMT","expires":"Mon, 01 Jan 1990 00:00:00 GMT","content-type":"application/json; charset=utf-8","vary":"X-Origin, Referer, Origin,Accept-Encoding","server":"scaffolding on HTTPServer2","x-xss-protection":"0","x-frame-options":"SAMEORIGIN","x-content-type-options":"nosniff","alt-svc":"h3=\":443\"; ma=2592000,h3-29=\":443\"; ma=2592000,h3-Q050=\":443\"; ma=2592000,h3-Q046=\":443\"; ma=2592000,h3-Q043=\":443\"; ma=2592000","accept-ranges":"none","transfer-encoding":"chunked"}
[debug] [2021-10-23T21:17:18.345Z] >>> [apiv2][query] GET https://firebase.googleapis.com/v1beta1/projects/genius-car-mechanic-11907 [none]
[debug] [2021-10-23T21:17:19.010Z] <<< [apiv2][status] GET https://firebase.googleapis.com/v1beta1/projects/genius-car-mechanic-11907 200
[debug] [2021-10-23T21:17:19.011Z] <<< [apiv2][body] GET https://firebase.googleapis.com/v1beta1/projects/genius-car-mechanic-11907 {"projectId":"genius-car-mechanic-11907","projectNumber":"167392375741","displayName":"genius car mechanic","name":"projects/genius-car-mechanic-11907","resources":{"hostingSite":"genius-car-mechanic-11907"},"state":"ACTIVE"}
[info] 
[info] === Deploying to 'genius-car-mechanic-11907'...
[info] 
[info] i  deploying hosting 
[debug] [2021-10-23T21:17:19.018Z] > refreshing access token with scopes: ["email","https://www.googleapis.com/auth/cloud-platform","https://www.googleapis.com/auth/cloudplatformprojects.readonly","https://www.googleapis.com/auth/firebase","openid"]
[debug] [2021-10-23T21:17:19.018Z] >>> HTTP REQUEST POST https://www.googleapis.com/oauth2/v3/token  
 <request body omitted>
[debug] [2021-10-23T21:17:19.385Z] <<< HTTP RESPONSE 200 {"date":"Sat, 23 Oct 2021 21:17:19 GMT","cache-control":"no-cache, no-store, max-age=0, must-revalidate","expires":"Mon, 01 Jan 1990 00:00:00 GMT","pragma":"no-cache","content-type":"application/json; charset=utf-8","vary":"X-Origin, Referer, Origin,Accept-Encoding","server":"scaffolding on HTTPServer2","x-xss-protection":"0","x-frame-options":"SAMEORIGIN","x-content-type-options":"nosniff","alt-svc":"h3=\":443\"; ma=2592000,h3-29=\":443\"; ma=2592000,h3-Q050=\":443\"; ma=2592000,h3-Q046=\":443\"; ma=2592000,h3-Q043=\":443\"; ma=2592000","accept-ranges":"none","transfer-encoding":"chunked"}
[debug] [2021-10-23T21:17:19.466Z] >>> HTTP REQUEST POST https://firebasehosting.googleapis.com/v1beta1/sites/genius-car-mechanic-11907/versions  
 {"config":{"rewrites":[{"glob":"**","path":"/index.html"}]},"labels":{"deployment-tool":"cli-firebase"}}
[debug] [2021-10-23T21:17:21.385Z] <<< HTTP RESPONSE 200 {"content-type":"application/json; charset=UTF-8","vary":"X-Origin, Referer, Origin,Accept-Encoding","date":"Sat, 23 Oct 2021 21:17:21 GMT","server":"ESF","cache-control":"private","x-xss-protection":"0","x-frame-options":"SAMEORIGIN","x-content-type-options":"nosniff","alt-svc":"h3=\":443\"; ma=2592000,h3-29=\":443\"; ma=2592000,h3-Q050=\":443\"; ma=2592000,h3-Q046=\":443\"; ma=2592000,h3-Q043=\":443\"; ma=2592000","accept-ranges":"none","transfer-encoding":"chunked"}
[info] i  hosting[genius-car-mechanic-11907]: beginning deploy... 
[info] i  hosting[genius-car-mechanic-11907]: found 28 files in build 
[debug] [2021-10-23T21:17:21.674Z] > refreshing access token with scopes: []
[debug] [2021-10-23T21:17:21.674Z] >>> HTTP REQUEST POST https://www.googleapis.com/oauth2/v3/token  
 <request body omitted>
[debug] [2021-10-23T21:17:21.676Z] [hosting] hash cache [YnVpbGQ] stored for 28 files
[debug] [2021-10-23T21:17:21.676Z] [hosting][hash queue][FINAL] {"max":237,"min":4,"avg":28.571428571428573,"active":0,"complete":28,"success":28,"errored":0,"retried":0,"total":28,"elapsed":244}
[debug] [2021-10-23T21:17:21.966Z] <<< HTTP RESPONSE 200 {"date":"Sat, 23 Oct 2021 21:17:22 GMT","pragma":"no-cache","expires":"Mon, 01 Jan 1990 00:00:00 GMT","cache-control":"no-cache, no-store, max-age=0, must-revalidate","content-type":"application/json; charset=utf-8","vary":"X-Origin, Referer, Origin,Accept-Encoding","server":"scaffolding on HTTPServer2","x-xss-protection":"0","x-frame-options":"SAMEORIGIN","x-content-type-options":"nosniff","alt-svc":"h3=\":443\"; ma=2592000,h3-29=\":443\"; ma=2592000,h3-Q050=\":443\"; ma=2592000,h3-Q046=\":443\"; ma=2592000,h3-Q043=\":443\"; ma=2592000","accept-ranges":"none","transfer-encoding":"chunked"}
[debug] [2021-10-23T21:17:22.176Z] >>> [apiv2][query] POST https://firebasehosting.googleapis.com/v1beta1/sites/genius-car-mechanic-11907/versions/92ee805c6683a487:populateFiles [none]
[debug] [2021-10-23T21:17:22.176Z] >>> [apiv2][body] POST https://firebasehosting.googleapis.com/v1beta1/sites/genius-car-mechanic-11907/versions/92ee805c6683a487:populateFiles {"files":{"/favicon.ico":"eae62e993eb980ec8a25058c39d5a51feab118bd2100c4deebb2a9c158ec11f9","/logo192.png":"3ee59515172ee198f3be375979df15ac5345183e656720a381b8872b2a39dc8b","/logo512.png":"ee7e2f3fdb8209c4b6fd7bef6ba50d1b9dba30a25bb5c3126df057e1cb6f5331","/manifest.json":"aff3449bdc238776f5d6d967f19ec491b36aed5fb7f23ccff6500736fd58494a","/robots.txt":"bfe106a3fb878dc83461c86818bf74fc1bdc7f28538ba613cd3e775516ce8b49","/services.json":"26b3f4b3ffafb21aed142c8df53824b2879f532ae1f88a7fa028ab5e0398c079","/asset-manifest.json":"08ccaf98347463c6dc310e3f6a4ec3124963a83d58ab40978ea3e53aae596e9a","/index.html":"c6fcead1c8eb279489fbe4798128b69b069b0fc045c884ec25d8c719ee948512","/static/css/main.a1958dee.chunk.css":"7cbcc0a70000c16fd7165097e198d86224faa2864b5566e8d51ee04b5cf8abdf","/static/css/main.a1958dee.chunk.css.map":"2c0c3d060db70fab49b57366372eaf9f9b8ea3cd991a46b662d39d2ab1d33de2","/static/js/2.b24ad9bb.chunk.js.LICENSE.txt":"68b16697969801057d3e0deb105ae8509867a6ae2629d732d8100d885b17e4c5","/static/js/3.cbe3cd19.chunk.js":"90e2e97ae864a93eb0378168f4655c19a38837b2a4120be6e693477b98e1bb81","/static/js/3.cbe3cd19.chunk.js.map":"94b5c9c6c4e00eab5a7269af1c973feec2c7c7c70f2a1f91db0dff115da3ffc3","/static/js/main.c0203ab0.chunk.js":"47eda62cb7206dc754e563690a916fc767c2feabb4a78fb68f677042b24e5527","/static/js/runtime-main.30b53e09.js":"62825ae2831558bf372913a3ff5487c33533e2660100786737dadf7ce186fa34","/static/js/runtime-main.30b53e09.js.map":"4955e6b07a45122669182b5f6c8ec0fb2c9a24e2b9cb5f3ed3324f0b57521acc","/static/media/logo.6ce24c58.svg":"ac1a3d8899432561573d6a5cf56459437c09b902599a1deb91c0f8d4bb40459d","/static/js/main.c0203ab0.chunk.js.map":"047cd765165feb83770c8f2abc2aa0b648613c09874b70fe02794e89cfa1d8ff","/static/media/mechanic-1.46b6dd79.jpg":"c053b26cfd2c3fee3ff1575b8fac426b7b9c8cbc0aecfb65a1ef668491fada54","/static/media/mechanic-2.7302b824.jpg":"87a026db7bd08863679a732146572f9367c396e62551a75940b83a43d98dddd3","/static/media/mechanic-4.2b4fc0a9.jpg":"f34444a2b24e71e072b36df57256e54a3ebf13604744159ba014e125923c7bba","/static/media/mechanic-5.15c7bbb4.jpg":"2bcf0a6dba8194ab1a5c7fe6d93014df9040777905fc01f8531beb73ac4a30ea","/static/media/mechanic-3.37a9396f.jpg":"6896842116b276105326a7e6ac13b444fa241e11b8aae930d9d21b3a4f046e9b","/static/media/banner1.a56cf880.jpg":"25dee1bbba1edf327125abfde5fa697ec6481c3598c449967d9d98f65c4d6ef6","/static/media/banner2.21817224.jpg":"d1c373d7d6c966c11996278a616afa307048584eb25ec5e70c0cce296b6d4101","/static/media/banner3.8b75e86d.jpg":"947ceca351e3a2264ed2821dc087743dfa87c8f57cf8b2c7b9ae251a53ba81ba","/static/js/2.b24ad9bb.chunk.js":"57597a34fed9a23483405873e84279ab0934f0af5d98fe7f62e1f691b58d1a29","/static/js/2.b24ad9bb.chunk.js.map":"f1dd64074d6b64d3ed9d1f4a920d0c6519ec764171001f7ab134e44ceaa2a16f"}}
[debug] [2021-10-23T21:17:24.010Z] <<< [apiv2][status] POST https://firebasehosting.googleapis.com/v1beta1/sites/genius-car-mechanic-11907/versions/92ee805c6683a487:populateFiles 200
[debug] [2021-10-23T21:17:24.011Z] <<< [apiv2][body] POST https://firebasehosting.googleapis.com/v1beta1/sites/genius-car-mechanic-11907/versions/92ee805c6683a487:populateFiles {"uploadUrl":"https://upload-firebasehosting.googleapis.com/upload/sites/genius-car-mechanic-11907/versions/92ee805c6683a487/files"}
[debug] [2021-10-23T21:17:24.011Z] [hosting][populate queue][FINAL] {"max":2338,"min":2338,"avg":2338,"active":0,"complete":1,"success":1,"errored":0,"retried":0,"total":1,"elapsed":2338}
[debug] [2021-10-23T21:17:24.011Z] [hosting] uploads queued: 0
[debug] [2021-10-23T21:17:24.011Z] [hosting][upload queue][FINAL] {"max":0,"min":9999999999,"avg":0,"active":0,"complete":0,"success":0,"errored":0,"retried":0,"total":0,"elapsed":1635023844011}
[info] +  hosting[genius-car-mechanic-11907]: file upload complete 
[debug] [2021-10-23T21:17:24.013Z] [hosting] deploy completed after 2626ms
[debug] [2021-10-23T21:17:24.016Z] [
  {
    "config": {
      "public": "build",
      "rewrites": [
        {
          "source": "**",
          "destination": "/index.html"
        }
      ],
      "ignore": [
        "firebase.json",
        "**/.*",
        "**/node_modules/**"
      ],
      "site": "genius-car-mechanic-11907"
    },
    "site": "genius-car-mechanic-11907",
    "version": "sites/genius-car-mechanic-11907/versions/92ee805c6683a487"
  }
]
[info] i  hosting[genius-car-mechanic-11907]: finalizing version... 
[debug] [2021-10-23T21:17:24.017Z] > refreshing access token with scopes: ["email","https://www.googleapis.com/auth/cloud-platform","https://www.googleapis.com/auth/cloudplatformprojects.readonly","https://www.googleapis.com/auth/firebase","openid"]
[debug] [2021-10-23T21:17:24.017Z] >>> HTTP REQUEST POST https://www.googleapis.com/oauth2/v3/token  
 <request body omitted>
[debug] [2021-10-23T21:17:24.324Z] <<< HTTP RESPONSE 200 {"date":"Sat, 23 Oct 2021 21:17:24 GMT","cache-control":"no-cache, no-store, max-age=0, must-revalidate","expires":"Mon, 01 Jan 1990 00:00:00 GMT","pragma":"no-cache","content-type":"application/json; charset=utf-8","vary":"X-Origin, Referer, Origin,Accept-Encoding","server":"scaffolding on HTTPServer2","x-xss-protection":"0","x-frame-options":"SAMEORIGIN","x-content-type-options":"nosniff","alt-svc":"h3=\":443\"; ma=2592000,h3-29=\":443\"; ma=2592000,h3-Q050=\":443\"; ma=2592000,h3-Q046=\":443\"; ma=2592000,h3-Q043=\":443\"; ma=2592000","accept-ranges":"none","transfer-encoding":"chunked"}
[debug] [2021-10-23T21:17:24.544Z] >>> HTTP REQUEST PATCH https://firebasehosting.googleapis.com/v1beta1/sites/genius-car-mechanic-11907/versions/92ee805c6683a487?updateMask=status  
 {"status":"FINALIZED"}
[debug] [2021-10-23T21:17:26.226Z] <<< HTTP RESPONSE 200 {"content-type":"application/json; charset=UTF-8","vary":"X-Origin, Referer, Origin,Accept-Encoding","date":"Sat, 23 Oct 2021 21:17:26 GMT","server":"ESF","cache-control":"private","x-xss-protection":"0","x-frame-options":"SAMEORIGIN","x-content-type-options":"nosniff","alt-svc":"h3=\":443\"; ma=2592000,h3-29=\":443\"; ma=2592000,h3-Q050=\":443\"; ma=2592000,h3-Q046=\":443\"; ma=2592000,h3-Q043=\":443\"; ma=2592000","accept-ranges":"none","transfer-encoding":"chunked"}
[debug] [2021-10-23T21:17:26.227Z] [hosting] finalized version for genius-car-mechanic-11907: {"name":"sites/genius-car-mechanic-11907/versions/92ee805c6683a487","status":"FINALIZED","config":{"rewrites":[{"glob":"**","path":"/index.html"}]},"labels":{"deployment-tool":"cli-firebase"},"createTime":"2021-10-23T21:17:21.653507Z","createUser":{"email":"JOYGURU.JD@gmail.com"},"finalizeTime":"2021-10-23T21:17:26.684773Z","finalizeUser":{"email":"JOYGURU.JD@gmail.com"}}
[info] +  hosting[genius-car-mechanic-11907]: version finalized 
[info] i  hosting[genius-car-mechanic-11907]: releasing new version... 
[debug] [2021-10-23T21:17:26.229Z] >>> HTTP REQUEST POST https://firebasehosting.googleapis.com/v1beta1/sites/genius-car-mechanic-11907/releases?version_name=sites/genius-car-mechanic-11907/versions/92ee805c6683a487  
 {"message":null}
[debug] [2021-10-23T21:17:28.066Z] <<< HTTP RESPONSE 200 {"content-type":"application/json; charset=UTF-8","vary":"X-Origin, Referer, Origin,Accept-Encoding","date":"Sat, 23 Oct 2021 21:17:28 GMT","server":"ESF","cache-control":"private","x-xss-protection":"0","x-frame-options":"SAMEORIGIN","x-content-type-options":"nosniff","alt-svc":"h3=\":443\"; ma=2592000,h3-29=\":443\"; ma=2592000,h3-Q050=\":443\"; ma=2592000,h3-Q046=\":443\"; ma=2592000,h3-Q043=\":443\"; ma=2592000","accept-ranges":"none","transfer-encoding":"chunked"}
[debug] [2021-10-23T21:17:28.066Z] [hosting] release: {"name":"sites/genius-car-mechanic-11907/releases/1635023847893131","version":{"name":"sites/genius-car-mechanic-11907/versions/92ee805c6683a487","status":"FINALIZED","config":{"rewrites":[{"glob":"**","path":"/index.html"}]},"labels":{"deployment-tool":"cli-firebase"},"createTime":"2021-10-23T21:17:21.653507Z","createUser":{"email":"JOYGURU.JD@gmail.com"},"finalizeTime":"2021-10-23T21:17:26.684773Z","finalizeUser":{"email":"JOYGURU.JD@gmail.com"}},"type":"DEPLOY","releaseTime":"2021-10-23T21:17:27.893131022Z","releaseUser":{"email":"JOYGURU.JD@gmail.com"}}
[info] +  hosting[genius-car-mechanic-11907]: release complete 
[info] 
[info] +  Deploy complete! 
[info] 
[info] Project Console: https://console.firebase.google.com/project/genius-car-mechanic-11907/overview
[info] Hosting URL: https://genius-car-mechanic-11907.web.app
